0 info it worked if it ends with ok
1 verbose cli [ '/Users/tqcenglish/.nvm/versions/node/v7.4.0/bin/node',
1 verbose cli   '/Users/tqcenglish/.nvm/versions/node/v7.4.0/bin/npm',
1 verbose cli   'update' ]
2 info using npm@4.0.5
3 info using node@v7.4.0
4 silly mapToRegistry name codemirror
5 silly mapToRegistry using default registry
6 silly mapToRegistry registry https://registry.npm.taobao.org/
7 silly mapToRegistry data Result {
7 silly mapToRegistry   raw: 'codemirror',
7 silly mapToRegistry   scope: null,
7 silly mapToRegistry   escapedName: 'codemirror',
7 silly mapToRegistry   name: 'codemirror',
7 silly mapToRegistry   rawSpec: '',
7 silly mapToRegistry   spec: 'latest',
7 silly mapToRegistry   type: 'tag' }
8 silly mapToRegistry uri https://registry.npm.taobao.org/codemirror
9 silly mapToRegistry name debounce
10 silly mapToRegistry using default registry
11 silly mapToRegistry registry https://registry.npm.taobao.org/
12 silly mapToRegistry data Result {
12 silly mapToRegistry   raw: 'debounce',
12 silly mapToRegistry   scope: null,
12 silly mapToRegistry   escapedName: 'debounce',
12 silly mapToRegistry   name: 'debounce',
12 silly mapToRegistry   rawSpec: '',
12 silly mapToRegistry   spec: 'latest',
12 silly mapToRegistry   type: 'tag' }
13 silly mapToRegistry uri https://registry.npm.taobao.org/debounce
14 silly mapToRegistry name dom-events
15 silly mapToRegistry using default registry
16 silly mapToRegistry registry https://registry.npm.taobao.org/
17 silly mapToRegistry data Result {
17 silly mapToRegistry   raw: 'dom-events',
17 silly mapToRegistry   scope: null,
17 silly mapToRegistry   escapedName: 'dom-events',
17 silly mapToRegistry   name: 'dom-events',
17 silly mapToRegistry   rawSpec: '',
17 silly mapToRegistry   spec: 'latest',
17 silly mapToRegistry   type: 'tag' }
18 silly mapToRegistry uri https://registry.npm.taobao.org/dom-events
19 silly mapToRegistry name domready
20 silly mapToRegistry using default registry
21 silly mapToRegistry registry https://registry.npm.taobao.org/
22 silly mapToRegistry data Result {
22 silly mapToRegistry   raw: 'domready',
22 silly mapToRegistry   scope: null,
22 silly mapToRegistry   escapedName: 'domready',
22 silly mapToRegistry   name: 'domready',
22 silly mapToRegistry   rawSpec: '',
22 silly mapToRegistry   spec: 'latest',
22 silly mapToRegistry   type: 'tag' }
23 silly mapToRegistry uri https://registry.npm.taobao.org/domready
24 silly mapToRegistry name level
25 silly mapToRegistry using default registry
26 silly mapToRegistry registry https://registry.npm.taobao.org/
27 silly mapToRegistry data Result {
27 silly mapToRegistry   raw: 'level',
27 silly mapToRegistry   scope: null,
27 silly mapToRegistry   escapedName: 'level',
27 silly mapToRegistry   name: 'level',
27 silly mapToRegistry   rawSpec: '',
27 silly mapToRegistry   spec: 'latest',
27 silly mapToRegistry   type: 'tag' }
28 silly mapToRegistry uri https://registry.npm.taobao.org/level
29 silly mapToRegistry name level-sublevel
30 silly mapToRegistry using default registry
31 silly mapToRegistry registry https://registry.npm.taobao.org/
32 silly mapToRegistry data Result {
32 silly mapToRegistry   raw: 'level-sublevel',
32 silly mapToRegistry   scope: null,
32 silly mapToRegistry   escapedName: 'level-sublevel',
32 silly mapToRegistry   name: 'level-sublevel',
32 silly mapToRegistry   rawSpec: '',
32 silly mapToRegistry   spec: 'latest',
32 silly mapToRegistry   type: 'tag' }
33 silly mapToRegistry uri https://registry.npm.taobao.org/level-sublevel
34 silly mapToRegistry name level-subtree
35 silly mapToRegistry using default registry
36 silly mapToRegistry registry https://registry.npm.taobao.org/
37 silly mapToRegistry data Result {
37 silly mapToRegistry   raw: 'level-subtree',
37 silly mapToRegistry   scope: null,
37 silly mapToRegistry   escapedName: 'level-subtree',
37 silly mapToRegistry   name: 'level-subtree',
37 silly mapToRegistry   rawSpec: '',
37 silly mapToRegistry   spec: 'latest',
37 silly mapToRegistry   type: 'tag' }
38 silly mapToRegistry uri https://registry.npm.taobao.org/level-subtree
39 silly mapToRegistry name multilevel
40 silly mapToRegistry using default registry
41 silly mapToRegistry registry https://registry.npm.taobao.org/
42 silly mapToRegistry data Result {
42 silly mapToRegistry   raw: 'multilevel',
42 silly mapToRegistry   scope: null,
42 silly mapToRegistry   escapedName: 'multilevel',
42 silly mapToRegistry   name: 'multilevel',
42 silly mapToRegistry   rawSpec: '',
42 silly mapToRegistry   spec: 'latest',
42 silly mapToRegistry   type: 'tag' }
43 silly mapToRegistry uri https://registry.npm.taobao.org/multilevel
44 silly mapToRegistry name pug
45 silly mapToRegistry using default registry
46 silly mapToRegistry registry https://registry.npm.taobao.org/
47 silly mapToRegistry data Result {
47 silly mapToRegistry   raw: 'pug',
47 silly mapToRegistry   scope: null,
47 silly mapToRegistry   escapedName: 'pug',
47 silly mapToRegistry   name: 'pug',
47 silly mapToRegistry   rawSpec: '',
47 silly mapToRegistry   spec: 'latest',
47 silly mapToRegistry   type: 'tag' }
48 silly mapToRegistry uri https://registry.npm.taobao.org/pug
49 silly mapToRegistry name rc
50 silly mapToRegistry using default registry
51 silly mapToRegistry registry https://registry.npm.taobao.org/
52 silly mapToRegistry data Result {
52 silly mapToRegistry   raw: 'rc',
52 silly mapToRegistry   scope: null,
52 silly mapToRegistry   escapedName: 'rc',
52 silly mapToRegistry   name: 'rc',
52 silly mapToRegistry   rawSpec: '',
52 silly mapToRegistry   spec: 'latest',
52 silly mapToRegistry   type: 'tag' }
53 silly mapToRegistry uri https://registry.npm.taobao.org/rc
54 silly mapToRegistry name stylus
55 silly mapToRegistry using default registry
56 silly mapToRegistry registry https://registry.npm.taobao.org/
57 silly mapToRegistry data Result {
57 silly mapToRegistry   raw: 'stylus',
57 silly mapToRegistry   scope: null,
57 silly mapToRegistry   escapedName: 'stylus',
57 silly mapToRegistry   name: 'stylus',
57 silly mapToRegistry   rawSpec: '',
57 silly mapToRegistry   spec: 'latest',
57 silly mapToRegistry   type: 'tag' }
58 silly mapToRegistry uri https://registry.npm.taobao.org/stylus
59 silly mapToRegistry name xtend
60 silly mapToRegistry using default registry
61 silly mapToRegistry registry https://registry.npm.taobao.org/
62 silly mapToRegistry data Result {
62 silly mapToRegistry   raw: 'xtend',
62 silly mapToRegistry   scope: null,
62 silly mapToRegistry   escapedName: 'xtend',
62 silly mapToRegistry   name: 'xtend',
62 silly mapToRegistry   rawSpec: '',
62 silly mapToRegistry   spec: 'latest',
62 silly mapToRegistry   type: 'tag' }
63 silly mapToRegistry uri https://registry.npm.taobao.org/xtend
64 silly mapToRegistry name electron
65 silly mapToRegistry using default registry
66 silly mapToRegistry registry https://registry.npm.taobao.org/
67 silly mapToRegistry data Result {
67 silly mapToRegistry   raw: 'electron',
67 silly mapToRegistry   scope: null,
67 silly mapToRegistry   escapedName: 'electron',
67 silly mapToRegistry   name: 'electron',
67 silly mapToRegistry   rawSpec: '',
67 silly mapToRegistry   spec: 'latest',
67 silly mapToRegistry   type: 'tag' }
68 silly mapToRegistry uri https://registry.npm.taobao.org/electron
69 verbose request uri https://registry.npm.taobao.org/codemirror
70 verbose request no auth needed
71 info attempt registry request try #1 at 6:27:34 PM
72 verbose request id 5fa5e4689a0f51b0
73 http request GET https://registry.npm.taobao.org/codemirror
74 verbose request uri https://registry.npm.taobao.org/dom-events
75 verbose request no auth needed
76 info attempt registry request try #1 at 6:27:34 PM
77 http request GET https://registry.npm.taobao.org/dom-events
78 verbose request uri https://registry.npm.taobao.org/level
79 verbose request no auth needed
80 info attempt registry request try #1 at 6:27:34 PM
81 http request GET https://registry.npm.taobao.org/level
82 verbose request uri https://registry.npm.taobao.org/level-subtree
83 verbose request no auth needed
84 info attempt registry request try #1 at 6:27:34 PM
85 http request GET https://registry.npm.taobao.org/level-subtree
86 verbose request uri https://registry.npm.taobao.org/multilevel
87 verbose request no auth needed
88 info attempt registry request try #1 at 6:27:34 PM
89 http request GET https://registry.npm.taobao.org/multilevel
90 verbose request uri https://registry.npm.taobao.org/pug
91 verbose request no auth needed
92 info attempt registry request try #1 at 6:27:34 PM
93 http request GET https://registry.npm.taobao.org/pug
94 verbose request uri https://registry.npm.taobao.org/domready
95 verbose request no auth needed
96 info attempt registry request try #1 at 6:27:34 PM
97 verbose etag "88f8-kkByQPS+G3rkP4dFfBsEHzPS5/c"
98 http request GET https://registry.npm.taobao.org/domready
99 verbose request uri https://registry.npm.taobao.org/debounce
100 verbose request no auth needed
101 info attempt registry request try #1 at 6:27:34 PM
102 verbose etag "349c-0l4HGCrLV9gorlBf1m7MrY0DkLU"
103 http request GET https://registry.npm.taobao.org/debounce
104 verbose request uri https://registry.npm.taobao.org/level-sublevel
105 verbose request no auth needed
106 info attempt registry request try #1 at 6:27:34 PM
107 verbose etag "2418b-R19y6AYo3Q7Fmyb8HQIhyKzc4tw"
108 http request GET https://registry.npm.taobao.org/level-sublevel
109 verbose request uri https://registry.npm.taobao.org/rc
110 verbose request no auth needed
111 info attempt registry request try #1 at 6:27:34 PM
112 verbose etag "d3a2-4uoZ8VG/mgyS8w3hXiuDLRFo2Kg"
113 http request GET https://registry.npm.taobao.org/rc
114 verbose request uri https://registry.npm.taobao.org/xtend
115 verbose request no auth needed
116 info attempt registry request try #1 at 6:27:34 PM
117 verbose etag "5980-TghAXA2Ty9niNiCVD/XlIw2rIRs"
118 http request GET https://registry.npm.taobao.org/xtend
119 verbose request uri https://registry.npm.taobao.org/electron
120 verbose request no auth needed
121 info attempt registry request try #1 at 6:27:34 PM
122 verbose etag "1cbcc-MiR+6uNec7mn0HQ5yldYBJcLeZY"
123 http request GET https://registry.npm.taobao.org/electron
124 verbose request uri https://registry.npm.taobao.org/stylus
125 verbose request no auth needed
126 info attempt registry request try #1 at 6:27:34 PM
127 verbose etag "3a899-O/u+fr+5wMIOfdzoTxjHxhmXpmE"
128 http request GET https://registry.npm.taobao.org/stylus
129 http 200 https://registry.npm.taobao.org/dom-events
130 verbose headers { date: 'Sun, 02 Jul 2017 10:27:34 GMT',
130 verbose headers   'content-type': 'application/json; charset=utf-8',
130 verbose headers   'content-length': '5157',
130 verbose headers   connection: 'keep-alive',
130 verbose headers   'x-current-requests': '1',
130 verbose headers   etag: '"1425-ZlDzGc5YlkHyiJrbvdYliIQueAE"',
130 verbose headers   'x-readtime': '14' }
131 silly get cb [ 200,
131 silly get   { date: 'Sun, 02 Jul 2017 10:27:34 GMT',
131 silly get     'content-type': 'application/json; charset=utf-8',
131 silly get     'content-length': '5157',
131 silly get     connection: 'keep-alive',
131 silly get     'x-current-requests': '1',
131 silly get     etag: '"1425-ZlDzGc5YlkHyiJrbvdYliIQueAE"',
131 silly get     'x-readtime': '14' } ]
132 verbose get saving dom-events to /Users/tqcenglish/.npm/registry.npm.taobao.org/dom-events/.cache.json
133 verbose correctMkdir /Users/tqcenglish/.npm correctMkdir not in flight; initializing
134 http 304 https://registry.npm.taobao.org/level-sublevel
135 verbose headers { date: 'Sun, 02 Jul 2017 10:27:34 GMT',
135 verbose headers   connection: 'keep-alive',
135 verbose headers   'x-current-requests': '1',
135 verbose headers   etag: '"2418b-R19y6AYo3Q7Fmyb8HQIhyKzc4tw"',
135 verbose headers   'x-readtime': '37' }
136 silly get cb [ 304,
136 silly get   { date: 'Sun, 02 Jul 2017 10:27:34 GMT',
136 silly get     connection: 'keep-alive',
136 silly get     'x-current-requests': '1',
136 silly get     etag: '"2418b-R19y6AYo3Q7Fmyb8HQIhyKzc4tw"',
136 silly get     'x-readtime': '37' } ]
137 verbose etag https://registry.npm.taobao.org/level-sublevel from cache
138 verbose get saving level-sublevel to /Users/tqcenglish/.npm/registry.npm.taobao.org/level-sublevel/.cache.json
139 verbose correctMkdir /Users/tqcenglish/.npm correctMkdir not in flight; initializing
140 http 304 https://registry.npm.taobao.org/debounce
141 verbose headers { date: 'Sun, 02 Jul 2017 10:27:34 GMT',
141 verbose headers   connection: 'keep-alive',
141 verbose headers   'x-current-requests': '1',
141 verbose headers   etag: '"349c-0l4HGCrLV9gorlBf1m7MrY0DkLU"',
141 verbose headers   'x-readtime': '21' }
142 silly get cb [ 304,
142 silly get   { date: 'Sun, 02 Jul 2017 10:27:34 GMT',
142 silly get     connection: 'keep-alive',
142 silly get     'x-current-requests': '1',
142 silly get     etag: '"349c-0l4HGCrLV9gorlBf1m7MrY0DkLU"',
142 silly get     'x-readtime': '21' } ]
143 verbose etag https://registry.npm.taobao.org/debounce from cache
144 verbose get saving debounce to /Users/tqcenglish/.npm/registry.npm.taobao.org/debounce/.cache.json
145 verbose correctMkdir /Users/tqcenglish/.npm correctMkdir not in flight; initializing
146 http 200 https://registry.npm.taobao.org/xtend
147 verbose headers { date: 'Sun, 02 Jul 2017 10:27:34 GMT',
147 verbose headers   'content-type': 'application/json; charset=utf-8',
147 verbose headers   'content-length': '22927',
147 verbose headers   connection: 'keep-alive',
147 verbose headers   'x-current-requests': '1',
147 verbose headers   etag: '"598f-SNsq49GwDfxMJPlResj6zH+xQb8"',
147 verbose headers   'x-readtime': '21' }
148 silly get cb [ 200,
148 silly get   { date: 'Sun, 02 Jul 2017 10:27:34 GMT',
148 silly get     'content-type': 'application/json; charset=utf-8',
148 silly get     'content-length': '22927',
148 silly get     connection: 'keep-alive',
148 silly get     'x-current-requests': '1',
148 silly get     etag: '"598f-SNsq49GwDfxMJPlResj6zH+xQb8"',
148 silly get     'x-readtime': '21' } ]
149 verbose get saving xtend to /Users/tqcenglish/.npm/registry.npm.taobao.org/xtend/.cache.json
150 verbose correctMkdir /Users/tqcenglish/.npm correctMkdir not in flight; initializing
151 http 200 https://registry.npm.taobao.org/level-subtree
152 verbose headers { date: 'Sun, 02 Jul 2017 10:27:34 GMT',
152 verbose headers   'content-type': 'application/json; charset=utf-8',
152 verbose headers   'content-length': '7681',
152 verbose headers   connection: 'keep-alive',
152 verbose headers   'x-current-requests': '1',
152 verbose headers   etag: '"1e01-36d8HlfQCqtXsfVYvXQkH2tVm5w"',
152 verbose headers   'x-readtime': '16' }
153 silly get cb [ 200,
153 silly get   { date: 'Sun, 02 Jul 2017 10:27:34 GMT',
153 silly get     'content-type': 'application/json; charset=utf-8',
153 silly get     'content-length': '7681',
153 silly get     connection: 'keep-alive',
153 silly get     'x-current-requests': '1',
153 silly get     etag: '"1e01-36d8HlfQCqtXsfVYvXQkH2tVm5w"',
153 silly get     'x-readtime': '16' } ]
154 verbose get saving level-subtree to /Users/tqcenglish/.npm/registry.npm.taobao.org/level-subtree/.cache.json
155 verbose correctMkdir /Users/tqcenglish/.npm correctMkdir not in flight; initializing
156 http 200 https://registry.npm.taobao.org/domready
157 verbose headers { date: 'Sun, 02 Jul 2017 10:27:34 GMT',
157 verbose headers   'content-type': 'application/json; charset=utf-8',
157 verbose headers   'content-length': '35095',
157 verbose headers   connection: 'keep-alive',
157 verbose headers   'x-current-requests': '1',
157 verbose headers   etag: '"8917-n0Y5T+fnn3BaAim64SU7N7cKmkc"',
157 verbose headers   'x-readtime': '25' }
158 silly get cb [ 200,
158 silly get   { date: 'Sun, 02 Jul 2017 10:27:34 GMT',
158 silly get     'content-type': 'application/json; charset=utf-8',
158 silly get     'content-length': '35095',
158 silly get     connection: 'keep-alive',
158 silly get     'x-current-requests': '1',
158 silly get     etag: '"8917-n0Y5T+fnn3BaAim64SU7N7cKmkc"',
158 silly get     'x-readtime': '25' } ]
159 verbose get saving domready to /Users/tqcenglish/.npm/registry.npm.taobao.org/domready/.cache.json
160 verbose correctMkdir /Users/tqcenglish/.npm correctMkdir not in flight; initializing
161 http 200 https://registry.npm.taobao.org/pug
162 verbose headers { date: 'Sun, 02 Jul 2017 10:27:34 GMT',
162 verbose headers   'content-type': 'application/json; charset=utf-8',
162 verbose headers   'content-length': '59685',
162 verbose headers   connection: 'keep-alive',
162 verbose headers   'x-current-requests': '1',
162 verbose headers   etag: '"e925-8+dGYqM5EUDW3xjRGSmZ+jkoaO8"',
162 verbose headers   'x-readtime': '21' }
163 silly get cb [ 200,
163 silly get   { date: 'Sun, 02 Jul 2017 10:27:34 GMT',
163 silly get     'content-type': 'application/json; charset=utf-8',
163 silly get     'content-length': '59685',
163 silly get     connection: 'keep-alive',
163 silly get     'x-current-requests': '1',
163 silly get     etag: '"e925-8+dGYqM5EUDW3xjRGSmZ+jkoaO8"',
163 silly get     'x-readtime': '21' } ]
164 verbose get saving pug to /Users/tqcenglish/.npm/registry.npm.taobao.org/pug/.cache.json
165 verbose correctMkdir /Users/tqcenglish/.npm correctMkdir not in flight; initializing
166 http 200 https://registry.npm.taobao.org/multilevel
167 verbose headers { date: 'Sun, 02 Jul 2017 10:27:34 GMT',
167 verbose headers   'content-type': 'application/json; charset=utf-8',
167 verbose headers   'content-length': '75310',
167 verbose headers   connection: 'keep-alive',
167 verbose headers   'x-current-requests': '1',
167 verbose headers   etag: '"1262e-csJiTEuoBGmd1SLD1vHMXAohues"',
167 verbose headers   'x-readtime': '26' }
168 silly get cb [ 200,
168 silly get   { date: 'Sun, 02 Jul 2017 10:27:34 GMT',
168 silly get     'content-type': 'application/json; charset=utf-8',
168 silly get     'content-length': '75310',
168 silly get     connection: 'keep-alive',
168 silly get     'x-current-requests': '1',
168 silly get     etag: '"1262e-csJiTEuoBGmd1SLD1vHMXAohues"',
168 silly get     'x-readtime': '26' } ]
169 verbose get saving multilevel to /Users/tqcenglish/.npm/registry.npm.taobao.org/multilevel/.cache.json
170 verbose correctMkdir /Users/tqcenglish/.npm correctMkdir not in flight; initializing
171 http 200 https://registry.npm.taobao.org/rc
172 verbose headers { date: 'Sun, 02 Jul 2017 10:27:34 GMT',
172 verbose headers   'content-type': 'application/json; charset=utf-8',
172 verbose headers   'content-length': '54194',
172 verbose headers   connection: 'keep-alive',
172 verbose headers   'x-current-requests': '1',
172 verbose headers   etag: '"d3b2-xYZ861ix52sgROB2AfTHpycqSXY"',
172 verbose headers   'x-readtime': '26' }
173 silly get cb [ 200,
173 silly get   { date: 'Sun, 02 Jul 2017 10:27:34 GMT',
173 silly get     'content-type': 'application/json; charset=utf-8',
173 silly get     'content-length': '54194',
173 silly get     connection: 'keep-alive',
173 silly get     'x-current-requests': '1',
173 silly get     etag: '"d3b2-xYZ861ix52sgROB2AfTHpycqSXY"',
173 silly get     'x-readtime': '26' } ]
174 verbose get saving rc to /Users/tqcenglish/.npm/registry.npm.taobao.org/rc/.cache.json
175 verbose correctMkdir /Users/tqcenglish/.npm correctMkdir not in flight; initializing
176 http 200 https://registry.npm.taobao.org/level
177 verbose headers { date: 'Sun, 02 Jul 2017 10:27:34 GMT',
177 verbose headers   'content-type': 'application/json; charset=utf-8',
177 verbose headers   'content-length': '58623',
177 verbose headers   connection: 'keep-alive',
177 verbose headers   'x-current-requests': '1',
177 verbose headers   etag: '"e4ff-TuEMLFrzsfbD51ghiDPfEV11BAU"',
177 verbose headers   'x-readtime': '24' }
178 silly get cb [ 200,
178 silly get   { date: 'Sun, 02 Jul 2017 10:27:34 GMT',
178 silly get     'content-type': 'application/json; charset=utf-8',
178 silly get     'content-length': '58623',
178 silly get     connection: 'keep-alive',
178 silly get     'x-current-requests': '1',
178 silly get     etag: '"e4ff-TuEMLFrzsfbD51ghiDPfEV11BAU"',
178 silly get     'x-readtime': '24' } ]
179 verbose get saving level to /Users/tqcenglish/.npm/registry.npm.taobao.org/level/.cache.json
180 verbose correctMkdir /Users/tqcenglish/.npm correctMkdir not in flight; initializing
181 http 200 https://registry.npm.taobao.org/electron
182 verbose headers { date: 'Sun, 02 Jul 2017 10:27:34 GMT',
182 verbose headers   'content-type': 'application/json; charset=utf-8',
182 verbose headers   'content-length': '122070',
182 verbose headers   connection: 'keep-alive',
182 verbose headers   'x-current-requests': '1',
182 verbose headers   etag: '"1dcd6-qiFCytrpOj1RnJsZIlYhJfoRgIo"',
182 verbose headers   'x-readtime': '31' }
183 silly get cb [ 200,
183 silly get   { date: 'Sun, 02 Jul 2017 10:27:34 GMT',
183 silly get     'content-type': 'application/json; charset=utf-8',
183 silly get     'content-length': '122070',
183 silly get     connection: 'keep-alive',
183 silly get     'x-current-requests': '1',
183 silly get     etag: '"1dcd6-qiFCytrpOj1RnJsZIlYhJfoRgIo"',
183 silly get     'x-readtime': '31' } ]
184 verbose get saving electron to /Users/tqcenglish/.npm/registry.npm.taobao.org/electron/.cache.json
185 verbose correctMkdir /Users/tqcenglish/.npm correctMkdir not in flight; initializing
186 silly cache add args [ 'electron', '^1.16.11' ]
187 verbose cache add spec electron@^1.16.11
188 silly cache add parsed spec Result {
188 silly cache add   raw: 'electron@^1.16.11',
188 silly cache add   scope: null,
188 silly cache add   escapedName: 'electron',
188 silly cache add   name: 'electron',
188 silly cache add   rawSpec: '^1.16.11',
188 silly cache add   spec: '>=1.16.11 <2.0.0',
188 silly cache add   type: 'range' }
189 silly addNamed electron@>=1.16.11 <2.0.0
190 verbose addNamed ">=1.16.11 <2.0.0" is a valid semver range for electron
191 silly addNameRange { name: 'electron', range: '>=1.16.11 <2.0.0', hasData: false }
192 silly mapToRegistry name electron
193 silly mapToRegistry using default registry
194 silly mapToRegistry registry https://registry.npm.taobao.org/
195 silly mapToRegistry data Result {
195 silly mapToRegistry   raw: 'electron',
195 silly mapToRegistry   scope: null,
195 silly mapToRegistry   escapedName: 'electron',
195 silly mapToRegistry   name: 'electron',
195 silly mapToRegistry   rawSpec: '',
195 silly mapToRegistry   spec: 'latest',
195 silly mapToRegistry   type: 'tag' }
196 silly mapToRegistry uri https://registry.npm.taobao.org/electron
197 verbose addNameRange registry:https://registry.npm.taobao.org/electron not in flight; fetching
198 verbose get https://registry.npm.taobao.org/electron not expired, no request
199 silly addNameRange number 2 { name: 'electron', range: '>=1.16.11 <2.0.0', hasData: true }
200 silly addNameRange versions [ 'electron',
200 silly addNameRange   [ '1.7.4',
200 silly addNameRange     '1.7.3',
200 silly addNameRange     '1.7.2',
200 silly addNameRange     '1.6.11',
200 silly addNameRange     '1.7.1',
200 silly addNameRange     '1.6.10',
200 silly addNameRange     '1.7.0',
200 silly addNameRange     '1.6.9',
200 silly addNameRange     '1.6.8',
200 silly addNameRange     '1.3.15',
200 silly addNameRange     '1.6.7',
200 silly addNameRange     '1.6.6',
200 silly addNameRange     '1.4.16',
200 silly addNameRange     '1.6.5',
200 silly addNameRange     '1.6.4',
200 silly addNameRange     '1.3.14',
200 silly addNameRange     '1.6.3',
200 silly addNameRange     '1.6.2',
200 silly addNameRange     '1.6.1',
200 silly addNameRange     '1.6.0',
200 silly addNameRange     '1.5.1',
200 silly addNameRange     '1.5.0',
200 silly addNameRange     '1.4.15',
200 silly addNameRange     '1.4.14',
200 silly addNameRange     '1.4.13',
200 silly addNameRange     '1.4.12',
200 silly addNameRange     '1.4.11',
200 silly addNameRange     '1.3.13',
200 silly addNameRange     '1.4.10',
200 silly addNameRange     '1.3.12',
200 silly addNameRange     '1.4.8',
200 silly addNameRange     '1.3.10',
200 silly addNameRange     '1.3.9',
200 silly addNameRange     '1.4.7',
200 silly addNameRange     '1.4.6',
200 silly addNameRange     '1.4.5',
200 silly addNameRange     '1.3.8',
200 silly addNameRange     '1.4.4',
200 silly addNameRange     '1.4.3',
200 silly addNameRange     '1.4.2',
200 silly addNameRange     '1.3.7',
200 silly addNameRange     '1.4.1',
200 silly addNameRange     '1.4.0',
200 silly addNameRange     '1.3.6',
200 silly addNameRange     '1.3.5',
200 silly addNameRange     '1.3.4',
200 silly addNameRange     '1.3.3',
200 silly addNameRange     '1.3.2',
200 silly addNameRange     '1.3.1',
200 silly addNameRange     '0.4.1',
200 silly addNameRange     '0.4.0',
200 silly addNameRange     '0.3.0',
200 silly addNameRange     '0.2.1',
200 silly addNameRange     '0.2.0',
200 silly addNameRange     '0.1.2',
200 silly addNameRange     '0.1.1',
200 silly addNameRange     '0.1.0' ] ]
201 http 200 https://registry.npm.taobao.org/codemirror
202 verbose headers { date: 'Sun, 02 Jul 2017 10:27:34 GMT',
202 verbose headers   'content-type': 'application/json; charset=utf-8',
202 verbose headers   'content-length': '828780',
202 verbose headers   connection: 'keep-alive',
202 verbose headers   'x-current-requests': '1',
202 verbose headers   etag: '"ca56c-j0I6rrguZb5Jebv4okdHwNKYD6w"',
202 verbose headers   'x-readtime': '126' }
203 silly get cb [ 200,
203 silly get   { date: 'Sun, 02 Jul 2017 10:27:34 GMT',
203 silly get     'content-type': 'application/json; charset=utf-8',
203 silly get     'content-length': '828780',
203 silly get     connection: 'keep-alive',
203 silly get     'x-current-requests': '1',
203 silly get     etag: '"ca56c-j0I6rrguZb5Jebv4okdHwNKYD6w"',
203 silly get     'x-readtime': '126' } ]
204 verbose get saving codemirror to /Users/tqcenglish/.npm/registry.npm.taobao.org/codemirror/.cache.json
205 verbose correctMkdir /Users/tqcenglish/.npm correctMkdir not in flight; initializing
206 http 200 https://registry.npm.taobao.org/stylus
207 verbose headers { date: 'Sun, 02 Jul 2017 10:27:34 GMT',
207 verbose headers   'content-type': 'application/json; charset=utf-8',
207 verbose headers   'content-length': '239800',
207 verbose headers   connection: 'keep-alive',
207 verbose headers   'x-current-requests': '1',
207 verbose headers   etag: '"3a8b8-Oiyf23eqww6T+yrL1NxPBgqivM8"',
207 verbose headers   'x-readtime': '81' }
208 silly get cb [ 200,
208 silly get   { date: 'Sun, 02 Jul 2017 10:27:34 GMT',
208 silly get     'content-type': 'application/json; charset=utf-8',
208 silly get     'content-length': '239800',
208 silly get     connection: 'keep-alive',
208 silly get     'x-current-requests': '1',
208 silly get     etag: '"3a8b8-Oiyf23eqww6T+yrL1NxPBgqivM8"',
208 silly get     'x-readtime': '81' } ]
209 verbose get saving stylus to /Users/tqcenglish/.npm/registry.npm.taobao.org/stylus/.cache.json
210 verbose correctMkdir /Users/tqcenglish/.npm correctMkdir not in flight; initializing
211 verbose stack Error: No compatible version found: electron@'>=1.16.11 <2.0.0'
211 verbose stack Valid install targets:
211 verbose stack 1.7.4, 1.7.3, 1.7.2, 1.6.11, 1.7.1, 1.6.10, 1.7.0, 1.6.9, 1.6.8, 1.3.15, 1.6.7, 1.6.6, 1.4.16, 1.6.5, 1.6.4, 1.3.14, 1.6.3, 1.6.2, 1.6.1, 1.6.0, 1.5.1, 1.5.0, 1.4.15, 1.4.14, 1.4.13, 1.4.12, 1.4.11, 1.3.13, 1.4.10, 1.3.12, 1.4.8, 1.3.10, 1.3.9, 1.4.7, 1.4.6, 1.4.5, 1.3.8, 1.4.4, 1.4.3, 1.4.2, 1.3.7, 1.4.1, 1.4.0, 1.3.6, 1.3.5, 1.3.4, 1.3.3, 1.3.2, 1.3.1, 0.4.1, 0.4.0, 0.3.0, 0.2.1, 0.2.0, 0.1.2, 0.1.1, 0.1.0
211 verbose stack
211 verbose stack     at installTargetsError (/Users/tqcenglish/.nvm/versions/node/v7.4.0/lib/node_modules/npm/lib/cache/add-named.js:292:12)
211 verbose stack     at next (/Users/tqcenglish/.nvm/versions/node/v7.4.0/lib/node_modules/npm/lib/cache/add-named.js:270:19)
211 verbose stack     at setData (/Users/tqcenglish/.nvm/versions/node/v7.4.0/lib/node_modules/npm/lib/cache/add-named.js:242:5)
211 verbose stack     at RES (/Users/tqcenglish/.nvm/versions/node/v7.4.0/lib/node_modules/npm/node_modules/inflight/inflight.js:31:16)
211 verbose stack     at f (/Users/tqcenglish/.nvm/versions/node/v7.4.0/lib/node_modules/npm/node_modules/once/once.js:25:25)
211 verbose stack     at fixName (/Users/tqcenglish/.nvm/versions/node/v7.4.0/lib/node_modules/npm/lib/cache/add-named.js:30:5)
211 verbose stack     at /Users/tqcenglish/.nvm/versions/node/v7.4.0/lib/node_modules/npm/lib/utils/pulse-till-done.js:20:8
211 verbose stack     at CachingRegistryClient.get_ (/Users/tqcenglish/.nvm/versions/node/v7.4.0/lib/node_modules/npm/lib/cache/caching-client.js:126:16)
211 verbose stack     at /Users/tqcenglish/.nvm/versions/node/v7.4.0/lib/node_modules/npm/lib/cache/caching-client.js:91:14
211 verbose stack     at /Users/tqcenglish/.nvm/versions/node/v7.4.0/lib/node_modules/npm/node_modules/graceful-fs/graceful-fs.js:78:16
212 verbose cwd /Users/tqcenglish/SrcCode/github/levelui
213 error Darwin 16.6.0
214 error argv "/Users/tqcenglish/.nvm/versions/node/v7.4.0/bin/node" "/Users/tqcenglish/.nvm/versions/node/v7.4.0/bin/npm" "update"
215 error node v7.4.0
216 error npm  v4.0.5
217 error code ETARGET
218 error notarget No compatible version found: electron@'>=1.16.11 <2.0.0'
218 error notarget Valid install targets:
218 error notarget 1.7.4, 1.7.3, 1.7.2, 1.6.11, 1.7.1, 1.6.10, 1.7.0, 1.6.9, 1.6.8, 1.3.15, 1.6.7, 1.6.6, 1.4.16, 1.6.5, 1.6.4, 1.3.14, 1.6.3, 1.6.2, 1.6.1, 1.6.0, 1.5.1, 1.5.0, 1.4.15, 1.4.14, 1.4.13, 1.4.12, 1.4.11, 1.3.13, 1.4.10, 1.3.12, 1.4.8, 1.3.10, 1.3.9, 1.4.7, 1.4.6, 1.4.5, 1.3.8, 1.4.4, 1.4.3, 1.4.2, 1.3.7, 1.4.1, 1.4.0, 1.3.6, 1.3.5, 1.3.4, 1.3.3, 1.3.2, 1.3.1, 0.4.1, 0.4.0, 0.3.0, 0.2.1, 0.2.0, 0.1.2, 0.1.1, 0.1.0
219 error notarget This is most likely not a problem with npm itself.
219 error notarget In most cases you or one of your dependencies are requesting
219 error notarget a package version that doesn't exist.
220 verbose exit [ 1, true ]
